[->x Circle: pi()
[->o Circle: __init__(1)
Circle ->o Dice: __init__(1)
[-> Circle: rshot(3)
Circle -> Dice: rpoint()
Dice -> Dice: roll()
Dice -> Dice: roll()
Dice ->o Point: __init__(0.929756542215, 0.998917464771)
Circle -> Circle: shot((0.929756542215, 0.998917464771))
Circle -> Circle: is_inside((0.929756542215, 0.998917464771))
Circle -> Dice: rpoint()
Dice -> Dice: roll()
Dice -> Dice: roll()
Dice ->o Point: __init__(0.497935455551, 0.515771533734)
Circle -> Circle: shot((0.497935455551, 0.515771533734))
Circle -> Circle: is_inside((0.497935455551, 0.515771533734))
Circle -> Dice: rpoint()
Dice -> Dice: roll()
Dice -> Dice: roll()
Dice ->o Point: __init__(0.0559583250943, 0.74666705757)
Circle -> Circle: shot((0.0559583250943, 0.74666705757))
Circle -> Circle: is_inside((0.0559583250943, 0.74666705757))
