__main__->o 139942730471472: __init__(self, 1)
box " Circle" 
  participant 139942730471472
end box

139942730471472->o 139942721588544: __init__(self, 1)
box " Dice" 
  participant 139942721588544
end box

__main__->139942730471472: rshot(self, 3)
139942730471472->139942721588544: rpoint(self)
139942721588544->139942721588544: roll(self)
139942721588544->__main__: random()
139942721588544->139942721588544: roll(self)
139942721588544->__main__: random()
139942721588544->o 139942721630504: __init__(self, 0.030825130156, 0.894646808708)
box " Point" 
  participant 139942721630504
end box

139942730471472->139942730471472: shot(self, Point(0.030825130156, 0.894646808708))
139942730471472->139942730471472: is_inside(self, Point(0.030825130156, 0.894646808708))
139942730471472->139942721588544: rpoint(self)
139942721588544->139942721588544: roll(self)
139942721588544->__main__: random()
139942721588544->139942721588544: roll(self)
139942721588544->__main__: random()
139942721588544->o 139942721633600: __init__(self, 0.924514667411, 0.590122308541)
box " Point" 
  participant 139942721630504
  participant 139942721633600
end box

139942730471472->139942730471472: shot(self, Point(0.924514667411, 0.590122308541))
139942730471472->139942730471472: is_inside(self, Point(0.924514667411, 0.590122308541))
139942730471472->139942721588544: rpoint(self)
139942721588544->139942721588544: roll(self)
139942721588544->__main__: random()
139942721588544->139942721588544: roll(self)
139942721588544->__main__: random()
139942721588544->o 139942721662344: __init__(self, 0.201436820908, 0.686836202898)
box " Point" 
  participant 139942721630504
  participant 139942721633600
  participant 139942721662344
end box

139942730471472->139942730471472: shot(self, Point(0.201436820908, 0.686836202898))
139942730471472->139942730471472: is_inside(self, Point(0.201436820908, 0.686836202898))
@enduml
